<<<< LOGGER INIT [17-09-2024 14-38-56] >>>>
[1726573136914] main.cpp:5 main() :> Hello World!
<<<< LOGGER INIT [17-09-2024 14-57-32] >>>>
[1726574252086] main.cpp:22 main() :> Unknown usage type: 
<<<< LOGGER INIT [17-09-2024 14-57-34] >>>>
[1726574254534] main.cpp:16 main() :> Daemon...
<<<< LOGGER INIT [17-09-2024 14-57-53] >>>>
[1726574273868] main.cpp:16 main() :> Daemon...
<<<< LOGGER INIT [17-09-2024 14-57-58] >>>>
[1726574278912] main.cpp:19 main() :> Ctrl...
<<<< LOGGER INIT [17-09-2024 14-58-00] >>>>
[1726574280040] main.cpp:19 main() :> Ctrl...
<<<< LOGGER INIT [17-09-2024 14-58-00] >>>>
[1726574280529] main.cpp:19 main() :> Ctrl...
<<<< LOGGER INIT [17-09-2024 15-00-03] >>>>
[1726574403297] main.cpp:28 main() :> Ctrl...
<<<< LOGGER INIT [17-09-2024 15-00-09] >>>>
[1726574409275] main.cpp:21 main() :> Daemon...
[1726574409276] ../../utils/co_utils.h:996 next_task() :> Scheduler doesn't have any more coroutines to handle, will exit
<<<< LOGGER INIT [17-09-2024 15-04-29] >>>>
[1726574669994] main.cpp:22 main() :> Daemon...
[1726574669994] ../../utils/co_utils.h:996 next_task() :> Scheduler doesn't have any more coroutines to handle, will exit
