[1727095431543] tasks.cpp:106 exec_task() :> Failed to run the process:
[1727095431543] tasks.cpp:108 exec_task() :>  > echo123
[1727095431543] tasks.cpp:108 exec_task() :>  > (null)
[1727095431544] cmds.cpp:18 open_socket() :> [SYS] FAILED: bind(fd, (struct sockaddr *) &sockaddr_un, sizeof(struct sockaddr_un))[err: Address already in use [EADDRINUSE], code: 98]
[1727095431544] cmds.cpp:96 co_cmds() :> [SYS] FAILED: usock_fd = open_socket()[err: Address already in use [EADDRINUSE], code: 98]
[1727095431544] main.cpp:76 main() :> [SYS] FAILED: pool.run()[err: Address already in use [EADDRINUSE], code: 98]
[1727095431543] tasks.cpp:106 exec_task() :> Failed to run the process:
[1727095431543] tasks.cpp:108 exec_task() :>  > echo123
[1727095431543] tasks.cpp:108 exec_task() :>  > (null)
[1727095431545] tasks.cpp:106 exec_task() :> Failed to run the process:
[1727095431545] tasks.cpp:108 exec_task() :>  > user-uu
[1727095431545] tasks.cpp:108 exec_task() :>  > (null)
[1727095431549] tasks.cpp:106 exec_task() :> Failed to run the process:
[1727095431549] tasks.cpp:108 exec_task() :>  > user-ur
[1727095431549] tasks.cpp:108 exec_task() :>  > (null)
[1727095431551] tasks.cpp:106 exec_task() :> Failed to run the process:
[1727095431551] tasks.cpp:108 exec_task() :>  > user-ru
[1727095431551] tasks.cpp:108 exec_task() :>  > (null)
[1727095431553] tasks.cpp:106 exec_task() :> Failed to run the process:
[1727095431553] tasks.cpp:108 exec_task() :>  > user-rr
[1727095431553] tasks.cpp:108 exec_task() :>  > (null)
[1727095431553] cmds.cpp:99 co_cmds() :> Created socket, waiting clients
[1727095432520] ../utils/co_utils.h:938 handle_events() :> Something is vey rowng!
[1727095432520] ../utils/co_utils.h:1010 next_task() :> The epoll loop failed to wait, stopping the scheduler
[1727095431543] tasks.cpp:106 exec_task() :> Failed to run the process:
[1727095431543] tasks.cpp:108 exec_task() :>  > echo123
[1727095431543] tasks.cpp:108 exec_task() :>  > (null)
[1727095431545] tasks.cpp:106 exec_task() :> Failed to run the process:
[1727095431545] tasks.cpp:108 exec_task() :>  > user-uu
[1727095431545] tasks.cpp:108 exec_task() :>  > (null)
[1727095431547] tasks.cpp:106 exec_task() :> Failed to run the process:
[1727095431548] tasks.cpp:108 exec_task() :>  > user-ru
[1727095431548] tasks.cpp:108 exec_task() :>  > (null)
[1727095431553] tasks.cpp:106 exec_task() :> Failed to run the process:
[1727095431553] tasks.cpp:108 exec_task() :>  > user-rr
[1727095431553] tasks.cpp:108 exec_task() :>  > (null)
[1727095431553] cmds.cpp:99 co_cmds() :> Created socket, waiting clients
[1727095432520] main.cpp:29 co_waitexit() :> Quit
[1727095431543] tasks.cpp:106 exec_task() :> Failed to run the process:
[1727095431543] tasks.cpp:108 exec_task() :>  > echo123
[1727095431543] tasks.cpp:108 exec_task() :>  > (null)
[1727095431545] tasks.cpp:106 exec_task() :> Failed to run the process:
[1727095431545] tasks.cpp:108 exec_task() :>  > user-rr
[1727095431545] tasks.cpp:108 exec_task() :>  > (null)
[1727095431545] cmds.cpp:99 co_cmds() :> Created socket, waiting clients
[1727095432520] ../utils/co_utils.h:938 handle_events() :> Something is vey rowng!
[1727095432520] ../utils/co_utils.h:1010 next_task() :> The epoll loop failed to wait, stopping the scheduler
[1727095431543] tasks.cpp:106 exec_task() :> Failed to run the process:
[1727095431543] tasks.cpp:108 exec_task() :>  > echo123
[1727095431543] tasks.cpp:108 exec_task() :>  > (null)
[1727095431544] tasks.cpp:106 exec_task() :> Failed to run the process:
[1727095431544] tasks.cpp:108 exec_task() :>  > user-ur
[1727095431544] tasks.cpp:108 exec_task() :>  > (null)
[1727095431544] tasks.cpp:106 exec_task() :> Failed to run the process:
[1727095431544] tasks.cpp:108 exec_task() :>  > user-ru
[1727095431544] tasks.cpp:108 exec_task() :>  > (null)
[1727095431545] tasks.cpp:106 exec_task() :> Failed to run the process:
[1727095431545] tasks.cpp:108 exec_task() :>  > user-rr
[1727095431545] tasks.cpp:108 exec_task() :>  > (null)
[1727095431545] cmds.cpp:99 co_cmds() :> Created socket, waiting clients
[1727095432521] ../utils/co_utils.h:938 handle_events() :> Something is vey rowng!
[1727095432521] ../utils/co_utils.h:1010 next_task() :> The epoll loop failed to wait, stopping the scheduler
[1727095431543] tasks.cpp:106 exec_task() :> Failed to run the process:
[1727095431543] tasks.cpp:108 exec_task() :>  > echo123
[1727095431543] tasks.cpp:108 exec_task() :>  > (null)
[1727095431544] tasks.cpp:106 exec_task() :> Failed to run the process:
[1727095431544] tasks.cpp:108 exec_task() :>  > user-ur
[1727095431544] tasks.cpp:108 exec_task() :>  > (null)
[1727095431544] cmds.cpp:99 co_cmds() :> Created socket, waiting clients
[1727095432521] ../utils/co_utils.h:938 handle_events() :> Something is vey rowng!
[1727095432521] ../utils/co_utils.h:1010 next_task() :> The epoll loop failed to wait, stopping the scheduler
[1727095431543] tasks.cpp:106 exec_task() :> Failed to run the process:
[1727095431543] tasks.cpp:108 exec_task() :>  > echo123
[1727095431543] tasks.cpp:108 exec_task() :>  > (null)
[1727095431546] tasks.cpp:106 exec_task() :> Failed to run the process:
[1727095431546] tasks.cpp:108 exec_task() :>  > user-ru
[1727095431546] tasks.cpp:108 exec_task() :>  > (null)
[1727095431549] tasks.cpp:106 exec_task() :> Failed to run the process:
[1727095431549] tasks.cpp:108 exec_task() :>  > user-rr
[1727095431549] tasks.cpp:108 exec_task() :>  > (null)
[1727095431549] cmds.cpp:99 co_cmds() :> Created socket, waiting clients
[1727095432521] ../utils/co_utils.h:938 handle_events() :> Something is vey rowng!
[1727095432521] ../utils/co_utils.h:1010 next_task() :> The epoll loop failed to wait, stopping the scheduler
[1727095431543] tasks.cpp:106 exec_task() :> Failed to run the process:
[1727095431543] tasks.cpp:108 exec_task() :>  > echo123
[1727095431543] tasks.cpp:108 exec_task() :>  > (null)
[1727095431545] tasks.cpp:106 exec_task() :> Failed to run the process:
[1727095431545] tasks.cpp:108 exec_task() :>  > user-uu
[1727095431545] tasks.cpp:108 exec_task() :>  > (null)
[1727095431549] tasks.cpp:106 exec_task() :> Failed to run the process:
[1727095431549] tasks.cpp:108 exec_task() :>  > user-ur
[1727095431549] tasks.cpp:108 exec_task() :>  > (null)
[1727095431552] tasks.cpp:106 exec_task() :> Failed to run the process:
[1727095431552] tasks.cpp:108 exec_task() :>  > user-rr
[1727095431552] tasks.cpp:108 exec_task() :>  > (null)
[1727095431552] cmds.cpp:99 co_cmds() :> Created socket, waiting clients
[1727095432522] ../utils/co_utils.h:938 handle_events() :> Something is vey rowng!
[1727095432522] ../utils/co_utils.h:1010 next_task() :> The epoll loop failed to wait, stopping the scheduler
[1727095431543] tasks.cpp:106 exec_task() :> Failed to run the process:
[1727095431543] tasks.cpp:108 exec_task() :>  > echo123
[1727095431543] tasks.cpp:108 exec_task() :>  > (null)
[1727095431544] tasks.cpp:106 exec_task() :> Failed to run the process:
[1727095431544] tasks.cpp:108 exec_task() :>  > user-ur
[1727095431544] tasks.cpp:108 exec_task() :>  > (null)
[1727095431544] tasks.cpp:106 exec_task() :> Failed to run the process:
[1727095431544] tasks.cpp:108 exec_task() :>  > user-ru
[1727095431544] tasks.cpp:108 exec_task() :>  > (null)
[1727095431545] cmds.cpp:99 co_cmds() :> Created socket, waiting clients
[1727095432522] ../utils/co_utils.h:1565 sleep_us() :> [SYS] FAILED: co_await sleep_awaiter[err: No such file or directory [ENOENT], code: 2]
[1727095432522] ../utils/co_utils.h:1575 sleep_s() :> [SYS] FAILED: co_await CO_REG_INTERN(sleep_us(timeo_s * 1000'000))[err: No such file or directory [ENOENT], code: 2]
[1727095432522] main.cpp:29 co_waitexit() :> Quit
[1727095431543] tasks.cpp:106 exec_task() :> Failed to run the process:
[1727095431543] tasks.cpp:108 exec_task() :>  > echo123
[1727095431543] tasks.cpp:108 exec_task() :>  > (null)
[1727095431545] tasks.cpp:106 exec_task() :> Failed to run the process:
[1727095431545] tasks.cpp:108 exec_task() :>  > user-uu
[1727095431545] tasks.cpp:108 exec_task() :>  > (null)
[1727095431545] cmds.cpp:99 co_cmds() :> Created socket, waiting clients
[1727095432522] ../utils/co_utils.h:1565 sleep_us() :> [SYS] FAILED: co_await sleep_awaiter[err: No such file or directory [ENOENT], code: 2]
[1727095432522] ../utils/co_utils.h:1575 sleep_s() :> [SYS] FAILED: co_await CO_REG_INTERN(sleep_us(timeo_s * 1000'000))[err: No such file or directory [ENOENT], code: 2]
[1727095432522] ../utils/co_utils.h:1565 sleep_us() :> [SYS] FAILED: co_await sleep_awaiter[err: No such file or directory [ENOENT], code: 2]
[1727095432522] ../utils/co_utils.h:1575 sleep_s() :> [SYS] FAILED: co_await CO_REG_INTERN(sleep_us(timeo_s * 1000'000))[err: No such file or directory [ENOENT], code: 2]
[1727095432522] main.cpp:29 co_waitexit() :> Quit
[1727095431543] tasks.cpp:106 exec_task() :> Failed to run the process:
[1727095431543] tasks.cpp:108 exec_task() :>  > echo123
[1727095431543] tasks.cpp:108 exec_task() :>  > (null)
[1727095431545] tasks.cpp:106 exec_task() :> Failed to run the process:
[1727095431545] tasks.cpp:108 exec_task() :>  > user-uu
[1727095431545] tasks.cpp:108 exec_task() :>  > (null)
[1727095431549] tasks.cpp:106 exec_task() :> Failed to run the process:
[1727095431549] tasks.cpp:108 exec_task() :>  > user-ur
[1727095431549] tasks.cpp:108 exec_task() :>  > (null)
[1727095431551] tasks.cpp:106 exec_task() :> Failed to run the process:
[1727095431551] tasks.cpp:108 exec_task() :>  > user-ru
[1727095431551] tasks.cpp:108 exec_task() :>  > (null)
[1727095431552] cmds.cpp:99 co_cmds() :> Created socket, waiting clients
[1727095432522] tasks.cpp:309 co_handle_procs() :> 291478 exited, status=0
[1727095432522] main.cpp:29 co_waitexit() :> Quit
[1727095431543] tasks.cpp:106 exec_task() :> Failed to run the process:
[1727095431543] tasks.cpp:108 exec_task() :>  > echo123
[1727095431543] tasks.cpp:108 exec_task() :>  > (null)
[1727095431546] tasks.cpp:106 exec_task() :> Failed to run the process:
[1727095431546] tasks.cpp:108 exec_task() :>  > user-ru
[1727095431546] tasks.cpp:108 exec_task() :>  > (null)
[1727095431547] cmds.cpp:99 co_cmds() :> Created socket, waiting clients
[1727095432522] ../utils/co_utils.h:938 handle_events() :> Something is vey rowng!
[1727095432522] ../utils/co_utils.h:1010 next_task() :> The epoll loop failed to wait, stopping the scheduler
[1727095431543] tasks.cpp:106 exec_task() :> Failed to run the process:
[1727095431543] tasks.cpp:108 exec_task() :>  > echo123
[1727095431543] tasks.cpp:108 exec_task() :>  > (null)
[1727095431545] tasks.cpp:106 exec_task() :> Failed to run the process:
[1727095431545] tasks.cpp:108 exec_task() :>  > user-uu
[1727095431545] tasks.cpp:108 exec_task() :>  > (null)
[1727095431546] tasks.cpp:106 exec_task() :> Failed to run the process:
[1727095431546] tasks.cpp:108 exec_task() :>  > user-rr
[1727095431546] tasks.cpp:108 exec_task() :>  > (null)
[1727095431547] cmds.cpp:99 co_cmds() :> Created socket, waiting clients
[1727095432523] main.cpp:29 co_waitexit() :> Quit
[1727095431543] tasks.cpp:106 exec_task() :> Failed to run the process:
[1727095431543] tasks.cpp:108 exec_task() :>  > echo123
[1727095431543] tasks.cpp:108 exec_task() :>  > (null)
[1727095431545] tasks.cpp:106 exec_task() :> Failed to run the process:
[1727095431545] tasks.cpp:108 exec_task() :>  > user-uu
[1727095431545] tasks.cpp:108 exec_task() :>  > (null)
[1727095431549] tasks.cpp:106 exec_task() :> Failed to run the process:
[1727095431549] tasks.cpp:108 exec_task() :>  > user-ur
[1727095431549] tasks.cpp:108 exec_task() :>  > (null)
[1727095431550] cmds.cpp:99 co_cmds() :> Created socket, waiting clients
[1727095432523] ../utils/co_utils.h:938 handle_events() :> Something is vey rowng!
[1727095432523] ../utils/co_utils.h:1010 next_task() :> The epoll loop failed to wait, stopping the scheduler
[1727095431543] tasks.cpp:106 exec_task() :> Failed to run the process:
[1727095431543] tasks.cpp:108 exec_task() :>  > echo123
[1727095431543] tasks.cpp:108 exec_task() :>  > (null)
[1727095431544] tasks.cpp:106 exec_task() :> Failed to run the process:
[1727095431544] tasks.cpp:108 exec_task() :>  > user-ur
[1727095431544] tasks.cpp:108 exec_task() :>  > (null)
[1727095431546] tasks.cpp:106 exec_task() :> Failed to run the process:
[1727095431546] tasks.cpp:108 exec_task() :>  > user-rr
[1727095431546] tasks.cpp:108 exec_task() :>  > (null)
[1727095431547] cmds.cpp:99 co_cmds() :> Created socket, waiting clients
[1727095432523] ../utils/co_utils.h:1565 sleep_us() :> [SYS] FAILED: co_await sleep_awaiter[err: No such file or directory [ENOENT], code: 2]
[1727095432524] ../utils/co_utils.h:1575 sleep_s() :> [SYS] FAILED: co_await CO_REG_INTERN(sleep_us(timeo_s * 1000'000))[err: No such file or directory [ENOENT], code: 2]
[1727095432524] ../utils/co_utils.h:1565 sleep_us() :> [SYS] FAILED: co_await sleep_awaiter[err: No such file or directory [ENOENT], code: 2]
[1727095432524] ../utils/co_utils.h:1575 sleep_s() :> [SYS] FAILED: co_await CO_REG_INTERN(sleep_us(timeo_s * 1000'000))[err: No such file or directory [ENOENT], code: 2]
[1727095432524] ../utils/co_utils.h:1565 sleep_us() :> [SYS] FAILED: co_await sleep_awaiter[err: No such file or directory [ENOENT], code: 2]
[1727095432524] ../utils/co_utils.h:1575 sleep_s() :> [SYS] FAILED: co_await CO_REG_INTERN(sleep_us(timeo_s * 1000'000))[err: No such file or directory [ENOENT], code: 2]
[1727095432524] ../utils/co_utils.h:938 handle_events() :> Something is vey rowng!
[1727095432524] ../utils/co_utils.h:1001 next_task() :> The epoll loop failed, will stop the scheduler
[1727095431543] tasks.cpp:106 exec_task() :> Failed to run the process:
[1727095431543] tasks.cpp:108 exec_task() :>  > echo123
[1727095431543] tasks.cpp:108 exec_task() :>  > (null)
[1727095431545] tasks.cpp:106 exec_task() :> Failed to run the process:
[1727095431545] tasks.cpp:108 exec_task() :>  > user-uu
[1727095431545] tasks.cpp:108 exec_task() :>  > (null)
[1727095431547] tasks.cpp:106 exec_task() :> Failed to run the process:
[1727095431548] tasks.cpp:108 exec_task() :>  > user-ru
[1727095431548] tasks.cpp:108 exec_task() :>  > (null)
[1727095431549] cmds.cpp:99 co_cmds() :> Created socket, waiting clients
[1727095432523] ../utils/co_utils.h:1565 sleep_us() :> [SYS] FAILED: co_await sleep_awaiter[err: No such file or directory [ENOENT], code: 2]
[1727095432523] ../utils/co_utils.h:1575 sleep_s() :> [SYS] FAILED: co_await CO_REG_INTERN(sleep_us(timeo_s * 1000'000))[err: No such file or directory [ENOENT], code: 2]
[1727095432523] ../utils/co_utils.h:1565 sleep_us() :> [SYS] FAILED: co_await sleep_awaiter[err: No such file or directory [ENOENT], code: 2]
[1727095432523] ../utils/co_utils.h:1575 sleep_s() :> [SYS] FAILED: co_await CO_REG_INTERN(sleep_us(timeo_s * 1000'000))[err: No such file or directory [ENOENT], code: 2]
[1727095432523] ../utils/co_utils.h:1565 sleep_us() :> [SYS] FAILED: co_await sleep_awaiter[err: No such file or directory [ENOENT], code: 2]
[1727095432523] ../utils/co_utils.h:1575 sleep_s() :> [SYS] FAILED: co_await CO_REG_INTERN(sleep_us(timeo_s * 1000'000))[err: No such file or directory [ENOENT], code: 2]
[1727095432523] ../utils/co_utils.h:1565 sleep_us() :> [SYS] FAILED: co_await sleep_awaiter[err: No such file or directory [ENOENT], code: 2]
[1727095432523] ../utils/co_utils.h:1575 sleep_s() :> [SYS] FAILED: co_await CO_REG_INTERN(sleep_us(timeo_s * 1000'000))[err: No such file or directory [ENOENT], code: 2]
[1727095432523] ../utils/co_utils.h:1565 sleep_us() :> [SYS] FAILED: co_await sleep_awaiter[err: No such file or directory [ENOENT], code: 2]
[1727095432523] ../utils/co_utils.h:1575 sleep_s() :> [SYS] FAILED: co_await CO_REG_INTERN(sleep_us(timeo_s * 1000'000))[err: No such file or directory [ENOENT], code: 2]
[1727095432523] ../utils/co_utils.h:1565 sleep_us() :> [SYS] FAILED: co_await sleep_awaiter[err: No such file or directory [ENOENT], code: 2]
[1727095432524] ../utils/co_utils.h:1575 sleep_s() :> [SYS] FAILED: co_await CO_REG_INTERN(sleep_us(timeo_s * 1000'000))[err: No such file or directory [ENOENT], code: 2]
[1727095432524] ../utils/co_utils.h:1565 sleep_us() :> [SYS] FAILED: co_await sleep_awaiter[err: No such file or directory [ENOENT], code: 2]
[1727095432524] ../utils/co_utils.h:1575 sleep_s() :> [SYS] FAILED: co_await CO_REG_INTERN(sleep_us(timeo_s * 1000'000))[err: No such file or directory [ENOENT], code: 2]
[1727095432524] ../utils/co_utils.h:1565 sleep_us() :> [SYS] FAILED: co_await sleep_awaiter[err: No such file or directory [ENOENT], code: 2]
[1727095432524] ../utils/co_utils.h:1575 sleep_s() :> [SYS] FAILED: co_await CO_REG_INTERN(sleep_us(timeo_s * 1000'000))[err: No such file or directory [ENOENT], code: 2]
[1727095432524] ../utils/co_utils.h:1565 sleep_us() :> [SYS] FAILED: co_await sleep_awaiter[err: No such file or directory [ENOENT], code: 2]
[1727095432524] ../utils/co_utils.h:1575 sleep_s() :> [SYS] FAILED: co_await CO_REG_INTERN(sleep_us(timeo_s * 1000'000))[err: No such file or directory [ENOENT], code: 2]
[1727095432524] ../utils/co_utils.h:938 handle_events() :> Something is vey rowng!
[1727095432524] ../utils/co_utils.h:1001 next_task() :> The epoll loop failed, will stop the scheduler
